<?xml version="1.0"?>
<testsuite name="Cucumber" time="26.793" tests="1" skipped="0" failures="0" errors="0" timestamp="2026-03-17T14:18:11.268Z">
  <testcase classname="Login" name="User should be able to login successful" time="25.439">
    <system-out><![CDATA[Given user navigates to the application.....................................passed
When user logs in...........................................................passed
Then logout link should be visible..........................................passed
When user clicks on "Admin" menu............................................passed]]></system-out>
  </testcase>
</testsuite>